<?xml version="1.0" encoding="UTF-8"?>
<!--
  ~ Copyright (c) 2008-2018 Haulmont. All rights reserved.
  ~ Use is subject to license terms, see http://www.cuba-platform.com/commercial-software-license for details.
  -->

<beans xmlns="http://www.springframework.org/schema/beans">

    <bean id="cuba_FtsManager" class="com.haulmont.fts.core.app.TestFtsManager"/>
</beans>
