<?xml version="1.0" encoding="UTF-8" standalone="no"?>
<!--
  ~ Copyright (c) 2008-2018 Haulmont. All rights reserved.
  ~ Use is subject to license terms, see http://www.cuba-platform.com/commercial-software-license for details.
  -->

<fts-config xmlns="http://schemas.haulmont.com/cuba/fts.xsd">
    <entities>
        <entity class="com.haulmont.fts.testmodel.searchresult.MainEntity">
            <include re=".*"/>
        </entity>
        <entity class="com.haulmont.fts.testmodel.searchresult.RelatedEntity">
            <include re=".*"/>
        </entity>
    </entities>
</fts-config>
