<?xml version="1.0" encoding="UTF-8"?>
<!--
  ~ Copyright (c) 2008-2018 Haulmont. All rights reserved.
  ~ Use is subject to license terms, see http://www.cuba-platform.com/commercial-software-license for details.
  -->

<persistence version="2.0" xmlns="http://java.sun.com/xml/ns/persistence"
             xmlns:xsi="http://www.w3.org/2001/XMLSchema-instance"
             xsi:schemaLocation="http://java.sun.com/xml/ns/persistence http://java.sun.com/xml/ns/persistence/persistence_2_0.xsd">

    <persistence-unit name="fts" transaction-type="RESOURCE_LOCAL">
        <class>com.haulmont.fts.testmodel.searchresult.MainEntity</class>
        <class>com.haulmont.fts.testmodel.searchresult.RelatedEntity</class>
    </persistence-unit>
</persistence>